<?xml version="1.0" encoding="UTF-8"?>
<testsuite name="com.thoughtworks.rectangle.RectangleTest" tests="1" skipped="0" failures="0" errors="0" timestamp="2024-01-03T14:25:01" hostname="gurushifu-gurushifugitp-moaqln0fvcl" time="0.015">
  <properties/>
  <testcase name="shouldReturn10WhenLengthIs5AndBreathIs2()" classname="com.thoughtworks.rectangle.RectangleTest" time="0.015"/>
  <system-out><![CDATA[]]></system-out>
  <system-err><![CDATA[]]></system-err>
</testsuite>
